<?xml version="1.0"?><coverage lines-covered="143" lines-valid="185" line-rate="0.772972972972973" branches-covered="0" branches-valid="0" branch-rate="0" complexity="0" version="1.9" timestamp="1760901213"><sources><source>/home/user/src/BTCDecoded/developer-sdk</source></sources><packages><package name="examples" line-rate="0" branch-rate="0" complexity="0"><classes></classes></package><package name="src" line-rate="0.772972972972973" branch-rate="0" complexity="0"><classes></classes></package><package name="src/cli" line-rate="0.7222222222222222" branch-rate="0" complexity="0"><classes><class name="input" filename="src/cli/input.rs" line-rate="0.9333333333333333" branch-rate="0" complexity="0"><methods/><lines><line number="22" hits="1"/><line number="23" hits="1"/><line number="25" hits="1"/><line number="26" hits="1"/><line number="29" hits="2"/><line number="33" hits="1"/><line number="34" hits="1"/><line number="35" hits="3"/><line number="39" hits="1"/><line number="42" hits="1"/><line number="43" hits="1"/><line number="47" hits="1"/><line number="52" hits="1"/><line number="54" hits="1"/><line number="58" hits="1"/><line number="61" hits="3"/><line number="62" hits="3"/><line number="67" hits="1"/><line number="68" hits="1"/><line number="70" hits="2"/><line number="71" hits="1"/><line number="72" hits="1"/><line number="76" hits="3"/><line number="78" hits="1"/><line number="80" hits="2"/><line number="82" hits="1"/><line number="84" hits="1"/><line number="85" hits="0"/><line number="86" hits="0"/><line number="90" hits="1"/></lines></class><class name="output" filename="src/cli/output.rs" line-rate="0.4583333333333333" branch-rate="0" complexity="0"><methods/><lines><line number="20" hits="1"/><line number="21" hits="2"/><line number="22" hits="1"/><line number="23" hits="2"/><line number="24" hits="2"/><line number="36" hits="1"/><line number="41" hits="2"/><line number="45" hits="2"/><line number="46" hits="1"/><line number="47" hits="1"/><line number="48" hits="1"/><line number="53" hits="0"/><line number="54" hits="0"/><line number="55" hits="0"/><line number="57" hits="0"/><line number="59" hits="0"/><line number="61" hits="0"/><line number="62" hits="0"/><line number="68" hits="0"/><line number="69" hits="0"/><line number="70" hits="0"/><line number="72" hits="0"/><line number="76" hits="0"/><line number="77" hits="0"/></lines></class></classes></package><package name="src/governance" line-rate="0.7938931297709924" branch-rate="0" complexity="0"><classes><class name="keys" filename="src/governance/keys.rs" line-rate="0.696969696969697" branch-rate="0" complexity="0"><methods/><lines><line number="26" hits="1"/><line number="27" hits="1"/><line number="30" hits="1"/><line number="31" hits="1"/><line number="33" hits="1"/><line number="34" hits="1"/><line number="40" hits="1"/><line number="41" hits="1"/><line number="43" hits="3"/><line number="44" hits="4"/><line number="46" hits="1"/><line number="48" hits="1"/><line number="49" hits="1"/><line number="55" hits="1"/><line number="57" hits="1"/><line number="62" hits="1"/><line number="63" hits="1"/><line number="67" hits="0"/><line number="68" hits="0"/><line number="74" hits="1"/><line number="75" hits="3"/><line number="76" hits="4"/><line number="78" hits="1"/><line number="82" hits="1"/><line number="83" hits="1"/><line number="87" hits="0"/><line number="88" hits="0"/><line number="92" hits="0"/><line number="93" hits="0"/><line number="98" hits="0"/><line number="99" hits="0"/><line number="104" hits="0"/><line number="105" hits="0"/></lines></class><class name="messages" filename="src/governance/messages.rs" line-rate="0.875" branch-rate="0" complexity="0"><methods/><lines><line number="29" hits="1"/><line number="31" hits="1"/><line number="32" hits="1"/><line number="36" hits="1"/><line number="40" hits="1"/><line number="41" hits="1"/><line number="47" hits="1"/><line number="48" hits="1"/><line number="49" hits="1"/><line number="53" hits="1"/><line number="55" hits="1"/><line number="59" hits="1"/><line number="61" hits="1"/><line number="62" hits="1"/><line number="69" hits="0"/><line number="70" hits="0"/></lines></class><class name="multisig" filename="src/governance/multisig.rs" line-rate="0.7692307692307693" branch-rate="0" complexity="0"><methods/><lines><line number="20" hits="1"/><line number="21" hits="1"/><line number="22" hits="1"/><line number="25" hits="1"/><line number="26" hits="1"/><line number="29" hits="2"/><line number="30" hits="0"/><line number="31" hits="0"/><line number="36" hits="2"/><line number="37" hits="2"/><line number="38" hits="1"/><line number="39" hits="1"/><line number="43" hits="1"/><line number="45" hits="1"/><line number="46" hits="1"/><line number="51" hits="1"/><line number="52" hits="1"/><line number="53" hits="1"/><line number="55" hits="1"/><line number="59" hits="1"/><line number="60" hits="2"/><line number="64" hits="1"/><line number="69" hits="1"/><line number="71" hits="2"/><line number="73" hits="2"/><line number="74" hits="1"/><line number="75" hits="1"/><line number="81" hits="1"/><line number="85" hits="1"/><line number="86" hits="1"/><line number="90" hits="1"/><line number="91" hits="1"/><line number="95" hits="0"/><line number="96" hits="0"/><line number="100" hits="0"/><line number="105" hits="0"/><line number="106" hits="0"/><line number="107" hits="0"/><line number="110" hits="0"/></lines></class><class name="signatures" filename="src/governance/signatures.rs" line-rate="0.8333333333333334" branch-rate="0" complexity="0"><methods/><lines><line number="20" hits="1"/><line number="21" hits="3"/><line number="22" hits="1"/><line number="25" hits="1"/><line number="29" hits="1"/><line number="30" hits="1"/><line number="34" hits="0"/><line number="35" hits="0"/><line number="40" hits="0"/><line number="41" hits="0"/><line number="46" hits="1"/><line number="47" hits="1"/><line number="51" hits="1"/><line number="52" hits="2"/><line number="53" hits="1"/><line number="55" hits="1"/><line number="57" hits="1"/><line number="61" hits="1"/><line number="66" hits="1"/><line number="69" hits="1"/><line number="70" hits="2"/><line number="71" hits="1"/><line number="73" hits="1"/><line number="75" hits="1"/></lines></class><class name="verification" filename="src/governance/verification.rs" line-rate="0.8947368421052632" branch-rate="0" complexity="0"><methods/><lines><line number="9" hits="1"/><line number="14" hits="1"/><line number="18" hits="1"/><line number="25" hits="1"/><line number="27" hits="2"/><line number="28" hits="1"/><line number="30" hits="1"/><line number="32" hits="1"/><line number="36" hits="1"/><line number="41" hits="1"/><line number="43" hits="2"/><line number="44" hits="1"/><line number="45" hits="2"/><line number="46" hits="2"/><line number="47" hits="1"/><line number="51" hits="2"/><line number="54" hits="1"/><line number="58" hits="0"/><line number="63" hits="0"/></lines></class></classes></package><package name="tests" line-rate="0" branch-rate="0" complexity="0"><classes></classes></package><package name="src/bin" line-rate="0" branch-rate="0" complexity="0"><classes></classes></package></packages></coverage>